<?xml version="1.0" encoding="UTF-8"?>
<testsuite name="com.temps.rest.model.CelsiusPostTest" tests="1" skipped="0" failures="0" errors="0" timestamp="2018-04-30T22:51:39" hostname="Edwards-MacBook-Pro" time="0.0">
  <properties/>
  <testcase name="CelsiusPostCreate_test" classname="com.temps.rest.model.CelsiusPostTest" time="0.0"/>
  <system-out><![CDATA[]]></system-out>
  <system-err><![CDATA[]]></system-err>
</testsuite>
