<?xml version="1.0" encoding="UTF-8"?>
<testsuite name="com.temps.rest.controller.TempRestControllerDeleteTests" tests="2" skipped="0" failures="0" errors="0" timestamp="2018-04-30T22:51:39" hostname="Edwards-MacBook-Pro" time="0.026">
  <properties/>
  <testcase name="deleteTempNotFound" classname="com.temps.rest.controller.TempRestControllerDeleteTests" time="0.008"/>
  <testcase name="deleteTemp" classname="com.temps.rest.controller.TempRestControllerDeleteTests" time="0.018"/>
  <system-out><![CDATA[2018-04-30 17:51:39.544  INFO 2073 --- [    Test worker] .b.t.c.SpringBootTestContextBootstrapper : Neither @ContextConfiguration nor @ContextHierarchy found for test class [com.temps.rest.controller.TempRestControllerDeleteTests], using SpringBootContextLoader
2018-04-30 17:51:39.544  INFO 2073 --- [    Test worker] o.s.t.c.support.AbstractContextLoader    : Could not detect default resource locations for test class [com.temps.rest.controller.TempRestControllerDeleteTests]: no resource found for suffixes {-context.xml, Context.groovy}.
2018-04-30 17:51:39.544  INFO 2073 --- [    Test worker] t.c.s.AnnotationConfigContextLoaderUtils : Could not detect default configuration classes for test class [com.temps.rest.controller.TempRestControllerDeleteTests]: TempRestControllerDeleteTests does not declare any static, non-private, non-final, nested classes annotated with @Configuration.
2018-04-30 17:51:39.548  INFO 2073 --- [    Test worker] .b.t.c.SpringBootTestContextBootstrapper : Found @SpringBootConfiguration com.temps.rest.TemperaturesApplication for test class com.temps.rest.controller.TempRestControllerDeleteTests
2018-04-30 17:51:39.551  INFO 2073 --- [    Test worker] .b.t.c.SpringBootTestContextBootstrapper : Loaded default TestExecutionListener class names from location [META-INF/spring.factories]: [org.springframework.boot.test.mock.mockito.MockitoTestExecutionListener, org.springframework.boot.test.mock.mockito.ResetMocksTestExecutionListener, org.springframework.boot.test.autoconfigure.restdocs.RestDocsTestExecutionListener, org.springframework.boot.test.autoconfigure.web.client.MockRestServiceServerResetTestExecutionListener, org.springframework.boot.test.autoconfigure.web.servlet.MockMvcPrintOnlyOnFailureTestExecutionListener, org.springframework.boot.test.autoconfigure.web.servlet.WebDriverTestExecutionListener, org.springframework.test.context.web.ServletTestExecutionListener, org.springframework.test.context.support.DirtiesContextBeforeModesTestExecutionListener, org.springframework.test.context.support.DependencyInjectionTestExecutionListener, org.springframework.test.context.support.DirtiesContextTestExecutionListener, org.springframework.test.context.transaction.TransactionalTestExecutionListener, org.springframework.test.context.jdbc.SqlScriptsTestExecutionListener]
2018-04-30 17:51:39.553  INFO 2073 --- [    Test worker] .b.t.c.SpringBootTestContextBootstrapper : Using TestExecutionListeners: [org.springframework.test.context.web.ServletTestExecutionListener@283482b3, org.springframework.test.context.support.DirtiesContextBeforeModesTestExecutionListener@70531694, org.springframework.boot.test.autoconfigure.SpringBootDependencyInjectionTestExecutionListener@460a4c38, org.springframework.test.context.support.DirtiesContextTestExecutionListener@4c4cac9e, org.springframework.test.context.transaction.TransactionalTestExecutionListener@40618ebe, org.springframework.test.context.jdbc.SqlScriptsTestExecutionListener@286ec790, org.springframework.boot.test.mock.mockito.MockitoTestExecutionListener@3c112529, org.springframework.boot.test.mock.mockito.ResetMocksTestExecutionListener@15905669, org.springframework.boot.test.autoconfigure.restdocs.RestDocsTestExecutionListener@59482e1b, org.springframework.boot.test.autoconfigure.web.client.MockRestServiceServerResetTestExecutionListener@74430e5, org.springframework.boot.test.autoconfigure.web.servlet.MockMvcPrintOnlyOnFailureTestExecutionListener@32c96549, org.springframework.boot.test.autoconfigure.web.servlet.WebDriverTestExecutionListener@25fd4e67]
2018-04-30 17:51:39.556 DEBUG 2073 --- [    Test worker] s.w.s.m.m.a.RequestMappingHandlerMapping : Looking up handler method for path /temps/9999999
2018-04-30 17:51:39.556 DEBUG 2073 --- [    Test worker] s.w.s.m.m.a.RequestMappingHandlerMapping : Returning handler method [public org.springframework.http.ResponseEntity<com.temps.rest.model.Temp> com.temps.rest.controller.TempsRestController.deleteTemp(java.lang.String)]
2018-04-30 17:51:39.557 DEBUG 2073 --- [    Test worker] org.hibernate.SQL                        : 
    select
        celsiusent0_.id as id1_0_0_,
        celsiusent0_.celsius_tempscale as celsius_2_0_0_,
        celsiusent0_.create_date as create_d3_0_0_,
        celsiusent0_.update_date as update_d4_0_0_ 
    from
        celsius_entity celsiusent0_ 
    where
        celsiusent0_.id=?
2018-04-30 17:51:39.557 TRACE 2073 --- [    Test worker] o.h.type.descriptor.sql.BasicBinder      : binding parameter [1] as [INTEGER] - [9999999]

MockHttpServletRequest:
      HTTP Method = DELETE
      Request URI = /temps/9999999
       Parameters = {}
          Headers = {}

Handler:
             Type = com.temps.rest.controller.TempsRestController
           Method = public org.springframework.http.ResponseEntity<com.temps.rest.model.Temp> com.temps.rest.controller.TempsRestController.deleteTemp(java.lang.String)

Async:
    Async started = false
     Async result = null

Resolved Exception:
             Type = null

ModelAndView:
        View name = null
             View = null
            Model = null

FlashMap:
       Attributes = null

MockHttpServletResponse:
           Status = 404
    Error message = null
          Headers = {}
     Content type = null
             Body = 
    Forwarded URL = null
   Redirected URL = null
          Cookies = []
2018-04-30 17:51:39.564 DEBUG 2073 --- [    Test worker] s.w.s.m.m.a.RequestMappingHandlerMapping : Looking up handler method for path /temps/2
2018-04-30 17:51:39.564 DEBUG 2073 --- [    Test worker] s.w.s.m.m.a.RequestMappingHandlerMapping : Returning handler method [public org.springframework.http.ResponseEntity<com.temps.rest.model.Temp> com.temps.rest.controller.TempsRestController.getTemp(java.lang.String)]
2018-04-30 17:51:39.565 DEBUG 2073 --- [    Test worker] org.hibernate.SQL                        : 
    select
        celsiusent0_.id as id1_0_0_,
        celsiusent0_.celsius_tempscale as celsius_2_0_0_,
        celsiusent0_.create_date as create_d3_0_0_,
        celsiusent0_.update_date as update_d4_0_0_ 
    from
        celsius_entity celsiusent0_ 
    where
        celsiusent0_.id=?
2018-04-30 17:51:39.565 TRACE 2073 --- [    Test worker] o.h.type.descriptor.sql.BasicBinder      : binding parameter [1] as [INTEGER] - [2]
2018-04-30 17:51:39.568 DEBUG 2073 --- [    Test worker] o.s.w.s.m.m.a.HttpEntityMethodProcessor  : Written [com.temps.rest.model.CelsiusAll@21] as "application/json" using [org.springframework.http.converter.json.MappingJackson2HttpMessageConverter@fd3adee]

MockHttpServletRequest:
      HTTP Method = GET
      Request URI = /temps/2
       Parameters = {}
          Headers = {}

Handler:
             Type = com.temps.rest.controller.TempsRestController
           Method = public org.springframework.http.ResponseEntity<com.temps.rest.model.Temp> com.temps.rest.controller.TempsRestController.getTemp(java.lang.String)

Async:
    Async started = false
     Async result = null

Resolved Exception:
             Type = null

ModelAndView:
        View name = null
             View = null
            Model = null

FlashMap:
       Attributes = null

MockHttpServletResponse:
           Status = 200
    Error message = null
          Headers = {Content-Type=[application/json;charset=UTF-8]}
     Content type = application/json;charset=UTF-8
             Body = {"tempScale":"C","id":2,"create_date":"2018-04-28 14:00:53","update_date":"2018-04-28 14:00:53","celsius":13.3}
    Forwarded URL = null
   Redirected URL = null
          Cookies = []
result str :{"tempScale":"C","id":2,"create_date":"2018-04-28 14:00:53","update_date":"2018-04-28 14:00:53","celsius":13.3}
2018-04-30 17:51:39.571 DEBUG 2073 --- [    Test worker] s.w.s.m.m.a.RequestMappingHandlerMapping : Looking up handler method for path /temps/2
2018-04-30 17:51:39.571 DEBUG 2073 --- [    Test worker] s.w.s.m.m.a.RequestMappingHandlerMapping : Returning handler method [public org.springframework.http.ResponseEntity<com.temps.rest.model.Temp> com.temps.rest.controller.TempsRestController.deleteTemp(java.lang.String)]
2018-04-30 17:51:39.572 DEBUG 2073 --- [    Test worker] org.hibernate.SQL                        : 
    select
        celsiusent0_.id as id1_0_0_,
        celsiusent0_.celsius_tempscale as celsius_2_0_0_,
        celsiusent0_.create_date as create_d3_0_0_,
        celsiusent0_.update_date as update_d4_0_0_ 
    from
        celsius_entity celsiusent0_ 
    where
        celsiusent0_.id=?
2018-04-30 17:51:39.572 TRACE 2073 --- [    Test worker] o.h.type.descriptor.sql.BasicBinder      : binding parameter [1] as [INTEGER] - [2]
2018-04-30 17:51:39.574 DEBUG 2073 --- [    Test worker] org.hibernate.SQL                        : 
    delete 
    from
        celsius_entity 
    where
        id=?
2018-04-30 17:51:39.575 TRACE 2073 --- [    Test worker] o.h.type.descriptor.sql.BasicBinder      : binding parameter [1] as [INTEGER] - [2]
2018-04-30 17:51:39.576 DEBUG 2073 --- [    Test worker] o.s.w.s.m.m.a.HttpEntityMethodProcessor  : Written [com.temps.rest.model.CelsiusAll@21] as "application/json" using [org.springframework.http.converter.json.MappingJackson2HttpMessageConverter@fd3adee]

MockHttpServletRequest:
      HTTP Method = DELETE
      Request URI = /temps/2
       Parameters = {}
          Headers = {}

Handler:
             Type = com.temps.rest.controller.TempsRestController
           Method = public org.springframework.http.ResponseEntity<com.temps.rest.model.Temp> com.temps.rest.controller.TempsRestController.deleteTemp(java.lang.String)

Async:
    Async started = false
     Async result = null

Resolved Exception:
             Type = null

ModelAndView:
        View name = null
             View = null
            Model = null

FlashMap:
       Attributes = null

MockHttpServletResponse:
           Status = 200
    Error message = null
          Headers = {Content-Type=[application/json]}
     Content type = application/json
             Body = {"tempScale":"C","id":2,"create_date":"2018-04-28 14:00:53","update_date":"2018-04-28 14:00:53","celsius":13.3}
    Forwarded URL = null
   Redirected URL = null
          Cookies = []
]]></system-out>
  <system-err><![CDATA[]]></system-err>
</testsuite>
